d:\decimate\pointclouddecimation\decimatecpu\decimatecpu\x64\debug\decimatecpu.pch
d:\decimate\pointclouddecimation\decimatecpu\decimatecpu\x64\debug\vc141.pdb
d:\decimate\pointclouddecimation\decimatecpu\decimatecpu\x64\debug\vc141.idb
d:\decimate\pointclouddecimation\decimatecpu\decimatecpu\x64\debug\stdafx.obj
d:\decimate\pointclouddecimation\decimatecpu\decimatecpu\x64\debug\storage.obj
d:\decimate\pointclouddecimation\decimatecpu\decimatecpu\x64\debug\filter.obj
d:\decimate\pointclouddecimation\decimatecpu\decimatecpu\x64\debug\decimatecpu.obj
d:\decimate\pointclouddecimation\decimatecpu\x64\debug\decimatecpu.exe
d:\decimate\pointclouddecimation\decimatecpu\x64\debug\decimatecpu.ilk
d:\decimate\pointclouddecimation\decimatecpu\x64\debug\decimatecpu.pdb
d:\decimate\pointclouddecimation\decimatecpu\decimatecpu\x64\debug\decimatecpu.res
d:\decimate\pointclouddecimation\decimatecpu\decimatecpu\x64\debug\filter.obj.enc
d:\decimate\pointclouddecimation\decimatecpu\decimatecpu\x64\debug\storage.obj.enc
d:\decimate\pointclouddecimation\decimatecpu\decimatecpu\x64\debug\decimatecpu.tlog\cl.command.1.tlog
d:\decimate\pointclouddecimation\decimatecpu\decimatecpu\x64\debug\decimatecpu.tlog\cl.read.1.tlog
d:\decimate\pointclouddecimation\decimatecpu\decimatecpu\x64\debug\decimatecpu.tlog\cl.write.1.tlog
d:\decimate\pointclouddecimation\decimatecpu\decimatecpu\x64\debug\decimatecpu.tlog\link.command.1.tlog
d:\decimate\pointclouddecimation\decimatecpu\decimatecpu\x64\debug\decimatecpu.tlog\link.read.1.tlog
d:\decimate\pointclouddecimation\decimatecpu\decimatecpu\x64\debug\decimatecpu.tlog\link.write.1.tlog
d:\decimate\pointclouddecimation\decimatecpu\decimatecpu\x64\debug\decimatecpu.tlog\rc.command.1.tlog
d:\decimate\pointclouddecimation\decimatecpu\decimatecpu\x64\debug\decimatecpu.tlog\rc.read.1.tlog
d:\decimate\pointclouddecimation\decimatecpu\decimatecpu\x64\debug\decimatecpu.tlog\rc.write.1.tlog
