d:\decimate\pointclouddecimation\decimatecpu\decimatecpu\x64\release\decimatecpu.pch
d:\decimate\pointclouddecimation\decimatecpu\decimatecpu\x64\release\vc141.pdb
d:\decimate\pointclouddecimation\decimatecpu\decimatecpu\x64\release\stdafx.obj
d:\decimate\pointclouddecimation\decimatecpu\decimatecpu\x64\release\storage.obj
d:\decimate\pointclouddecimation\decimatecpu\decimatecpu\x64\release\filter.obj
d:\decimate\pointclouddecimation\decimatecpu\decimatecpu\x64\release\decimatecpu.obj
d:\decimate\pointclouddecimation\decimatecpu\x64\release\decimatecpu.ipdb
d:\decimate\pointclouddecimation\decimatecpu\x64\release\decimatecpu.iobj
d:\decimate\pointclouddecimation\decimatecpu\x64\release\decimatecpu.exe
d:\decimate\pointclouddecimation\decimatecpu\x64\release\decimatecpu.pdb
d:\decimate\pointclouddecimation\decimatecpu\decimatecpu\x64\release\decimatecpu.res
d:\decimate\pointclouddecimation\decimatecpu\decimatecpu\x64\release\decimatecpu.tlog\cl.command.1.tlog
d:\decimate\pointclouddecimation\decimatecpu\decimatecpu\x64\release\decimatecpu.tlog\cl.read.1.tlog
d:\decimate\pointclouddecimation\decimatecpu\decimatecpu\x64\release\decimatecpu.tlog\cl.write.1.tlog
d:\decimate\pointclouddecimation\decimatecpu\decimatecpu\x64\release\decimatecpu.tlog\decimatecpu.write.1u.tlog
d:\decimate\pointclouddecimation\decimatecpu\decimatecpu\x64\release\decimatecpu.tlog\link.command.1.tlog
d:\decimate\pointclouddecimation\decimatecpu\decimatecpu\x64\release\decimatecpu.tlog\link.read.1.tlog
d:\decimate\pointclouddecimation\decimatecpu\decimatecpu\x64\release\decimatecpu.tlog\link.write.1.tlog
d:\decimate\pointclouddecimation\decimatecpu\decimatecpu\x64\release\decimatecpu.tlog\rc.command.1.tlog
d:\decimate\pointclouddecimation\decimatecpu\decimatecpu\x64\release\decimatecpu.tlog\rc.read.1.tlog
d:\decimate\pointclouddecimation\decimatecpu\decimatecpu\x64\release\decimatecpu.tlog\rc.write.1.tlog
