d:\decimate\pointclouddecimation\decimationapp\decimationappcuda\x64\debug\vc141.pdb
d:\decimate\pointclouddecimation\decimationapp\decimationappcuda\x64\debug\vc141.idb
d:\decimate\pointclouddecimation\decimationapp\decimationappcuda\x64\debug\store.obj
d:\decimate\pointclouddecimation\decimationapp\decimationappcuda\x64\debug\point.obj
d:\decimate\pointclouddecimation\decimationapp\x64\debug\decimationappcuda.lib
d:\decimate\pointclouddecimation\decimationapp\x64\debug\decimationappcuda.exp
d:\decimate\pointclouddecimation\decimationapp\x64\debug\decimationappcuda.ilk
d:\decimate\pointclouddecimation\decimationapp\x64\debug\decimationappcuda.exe
d:\decimate\pointclouddecimation\decimationapp\x64\debug\decimationappcuda.pdb
d:\decimate\pointclouddecimation\decimationapp\decimationappcuda\x64\debug\kernel.cu.cache
d:\decimate\pointclouddecimation\decimationapp\decimationappcuda\x64\debug\storecuda.cu.cache
d:\decimate\pointclouddecimation\decimationapp\decimationappcuda\x64\debug\kernel.cu.obj
d:\decimate\pointclouddecimation\decimationapp\decimationappcuda\x64\debug\storecuda.cu.obj
d:\decimate\pointclouddecimation\decimationapp\decimationappcuda\x64\debug\decimati.3d9bf65b.tlog\cl.command.1.tlog
d:\decimate\pointclouddecimation\decimationapp\decimationappcuda\x64\debug\decimati.3d9bf65b.tlog\cl.read.1.tlog
d:\decimate\pointclouddecimation\decimationapp\decimationappcuda\x64\debug\decimati.3d9bf65b.tlog\cl.write.1.tlog
d:\decimate\pointclouddecimation\decimationapp\decimationappcuda\x64\debug\decimati.3d9bf65b.tlog\decimationappcuda.write.1u.tlog
d:\decimate\pointclouddecimation\decimationapp\decimationappcuda\x64\debug\decimati.3d9bf65b.tlog\link.command.1.tlog
d:\decimate\pointclouddecimation\decimationapp\decimationappcuda\x64\debug\decimati.3d9bf65b.tlog\link.read.1.tlog
d:\decimate\pointclouddecimation\decimationapp\decimationappcuda\x64\debug\decimati.3d9bf65b.tlog\link.write.1.tlog
